<?xml version="1.0" encoding="UTF-8"?>
<!-- Generated by org.testng.reporters.JUnitReportReporter -->
<testsuite hostname="Lenovo" name="test.testorderpage" tests="1" failures="0" timestamp="13 Mar 2020 14:29:11 GMT" time="22.684" errors="0">
  <testcase name="comparetotalprice" time="22.684" classname="test.testorderpage"/>
</testsuite> <!-- test.testorderpage -->
