<?xml version="1.0" encoding="UTF-8"?>
<!-- Generated by org.testng.reporters.JUnitReportReporter -->
<testsuite hostname="Lenovo" name="test.testpagedetails" tests="1" failures="0" timestamp="10 Mar 2020 05:52:17 GMT" time="7.342" errors="0">
  <testcase name="text" time="7.342" classname="test.testpagedetails"/>
</testsuite> <!-- test.testpagedetails -->
