<?xml version="1.0" encoding="UTF-8"?>
<!-- Generated by org.testng.reporters.JUnitReportReporter -->
<testsuite hostname="Lenovo" name="test.testdresspage" tests="3" failures="0" timestamp="10 Mar 2020 05:11:55 GMT" time="12.809" errors="0">
  <testcase name="dresses" time="5.185" classname="test.testdresspage"/>
  <testcase name="addcart" time="7.469" classname="test.testdresspage"/>
  <testcase name="producttodisplay" time="0.155" classname="test.testdresspage"/>
</testsuite> <!-- test.testdresspage -->
